0 info it worked if it ends with ok
1 verbose cli [ '/usr/bin/nodejs', '/usr/bin/npm', 'install', 'should', '-g' ]
2 info using npm@1.4.21
3 info using node@v4.4.2
4 verbose cache add [ 'should', null ]
5 verbose cache add name=undefined spec="should" args=["should",null]
6 verbose parsed url Url {
6 verbose parsed url   protocol: null,
6 verbose parsed url   slashes: null,
6 verbose parsed url   auth: null,
6 verbose parsed url   host: null,
6 verbose parsed url   port: null,
6 verbose parsed url   hostname: null,
6 verbose parsed url   hash: null,
6 verbose parsed url   search: null,
6 verbose parsed url   query: null,
6 verbose parsed url   pathname: 'should',
6 verbose parsed url   path: 'should',
6 verbose parsed url   href: 'should' }
7 silly lockFile c6dc9bc9-should should
8 verbose lock should /home/fmj/.npm/c6dc9bc9-should.lock
9 silly lockFile c6dc9bc9-should should
10 silly lockFile c6dc9bc9-should should
11 verbose addNamed [ 'should', '' ]
12 verbose addNamed [ null, '*' ]
13 silly lockFile 6159124d-should should@
14 verbose lock should@ /home/fmj/.npm/6159124d-should.lock
15 silly addNameRange { name: 'should', range: '*', hasData: false }
16 verbose request where is /should
17 verbose request registry https://registry.npmjs.org/
18 verbose request id faf73b585d9b2e57
19 verbose url raw /should
20 verbose url resolving [ 'https://registry.npmjs.org/', './should' ]
21 verbose url resolved https://registry.npmjs.org/should
22 verbose request where is https://registry.npmjs.org/should
23 info trying registry request attempt 1 at 上午6:21:44
24 verbose etag "63DI76R755XD4EQVD8S6I9VMN"
25 http GET https://registry.npmjs.org/should
26 http 304 https://registry.npmjs.org/should
27 silly registry.get cb [ 304,
27 silly registry.get   { date: 'Tue, 28 Jun 2016 06:21:45 GMT',
27 silly registry.get     via: '1.1 varnish',
27 silly registry.get     'cache-control': 'max-age=300',
27 silly registry.get     etag: '"63DI76R755XD4EQVD8S6I9VMN"',
27 silly registry.get     age: '0',
27 silly registry.get     connection: 'close',
27 silly registry.get     'x-served-by': 'cache-lhr6345-LHR',
27 silly registry.get     'x-cache': 'HIT',
27 silly registry.get     'x-cache-hits': '1',
27 silly registry.get     'x-timer': 'S1467094905.468255,VS0,VE160',
27 silly registry.get     vary: 'Accept-Encoding' } ]
28 verbose etag https://registry.npmjs.org/should from cache
29 silly addNameRange number 2 { name: 'should', range: '*', hasData: true }
30 silly addNameRange versions [ 'should',
30 silly addNameRange   [ '0.0.1',
30 silly addNameRange     '0.0.2',
30 silly addNameRange     '0.0.3',
30 silly addNameRange     '0.0.4',
30 silly addNameRange     '0.1.0',
30 silly addNameRange     '0.2.0',
30 silly addNameRange     '0.2.1',
30 silly addNameRange     '0.3.0',
30 silly addNameRange     '0.3.1',
30 silly addNameRange     '0.3.2',
30 silly addNameRange     '0.4.0',
30 silly addNameRange     '0.4.1',
30 silly addNameRange     '0.4.2',
30 silly addNameRange     '0.5.0',
30 silly addNameRange     '0.5.1',
30 silly addNameRange     '0.6.0',
30 silly addNameRange     '0.6.1',
30 silly addNameRange     '0.6.2',
30 silly addNameRange     '0.6.3',
30 silly addNameRange     '1.0.0',
30 silly addNameRange     '1.1.0',
30 silly addNameRange     '1.1.1',
30 silly addNameRange     '1.2.0',
30 silly addNameRange     '1.2.1',
30 silly addNameRange     '1.2.2',
30 silly addNameRange     '1.3.0',
30 silly addNameRange     '2.0.0',
30 silly addNameRange     '2.0.1',
30 silly addNameRange     '2.0.2',
30 silly addNameRange     '2.1.0',
30 silly addNameRange     '2.1.1',
30 silly addNameRange     '3.0.0',
30 silly addNameRange     '3.0.1',
30 silly addNameRange     '3.1.0',
30 silly addNameRange     '3.1.1',
30 silly addNameRange     '3.1.2',
30 silly addNameRange     '3.1.3',
30 silly addNameRange     '3.1.4',
30 silly addNameRange     '3.2.0-beta1',
30 silly addNameRange     '3.2.0',
30 silly addNameRange     '3.3.0',
30 silly addNameRange     '3.3.1',
30 silly addNameRange     '3.3.2',
30 silly addNameRange     '4.0.0',
30 silly addNameRange     '4.0.1',
30 silly addNameRange     '4.0.3',
30 silly addNameRange     '4.0.4',
30 silly addNameRange     '4.1.0',
30 silly addNameRange     '4.2.0',
30 silly addNameRange     '4.2.1',
30 silly addNameRange     '4.3.0',
30 silly addNameRange     '4.3.1',
30 silly addNameRange     '4.4.0',
30 silly addNameRange     '4.4.1',
30 silly addNameRange     '4.4.2',
30 silly addNameRange     '4.4.3',
30 silly addNameRange     '4.4.4',
30 silly addNameRange     '4.5.0',
30 silly addNameRange     '4.5.1',
30 silly addNameRange     '4.5.2',
30 silly addNameRange     '4.6.0',
30 silly addNameRange     '4.6.1',
30 silly addNameRange     '4.6.2',
30 silly addNameRange     '4.6.3',
30 silly addNameRange     '4.6.4',
30 silly addNameRange     '4.6.5',
30 silly addNameRange     '5.0.0',
30 silly addNameRange     '5.0.1',
30 silly addNameRange     '5.1.0',
30 silly addNameRange     '5.2.0',
30 silly addNameRange     '6.0.0',
30 silly addNameRange     '6.0.1',
30 silly addNameRange     '6.0.2',
30 silly addNameRange     '6.0.3',
30 silly addNameRange     '7.0.0',
30 silly addNameRange     '7.0.1',
30 silly addNameRange     '7.0.2',
30 silly addNameRange     '7.0.3',
30 silly addNameRange     '7.0.4',
30 silly addNameRange     '7.1.0',
30 silly addNameRange     '7.1.1',
30 silly addNameRange     '8.0.0',
30 silly addNameRange     '8.0.1',
30 silly addNameRange     '8.0.2',
30 silly addNameRange     '8.1.0',
30 silly addNameRange     '8.1.1',
30 silly addNameRange     '8.2.0',
30 silly addNameRange     '8.2.1',
30 silly addNameRange     '8.2.2',
30 silly addNameRange     '8.3.0',
30 silly addNameRange     '8.3.1',
30 silly addNameRange     '8.3.2',
30 silly addNameRange     '8.4.0',
30 silly addNameRange     '9.0.0',
30 silly addNameRange     '9.0.1',
30 silly addNameRange     '9.0.2' ] ]
31 verbose addNamed [ 'should', '9.0.2' ]
32 verbose addNamed [ '9.0.2', '9.0.2' ]
33 silly lockFile 13a523b6-should-9-0-2 should@9.0.2
34 verbose lock should@9.0.2 /home/fmj/.npm/13a523b6-should-9-0-2.lock
35 silly lockFile 13a523b6-should-9-0-2 should@9.0.2
36 silly lockFile 13a523b6-should-9-0-2 should@9.0.2
37 silly lockFile 6159124d-should should@
38 silly lockFile 6159124d-should should@
39 silly resolved [ { name: 'should',
39 silly resolved     description: 'test framework agnostic BDD-style assertions',
39 silly resolved     version: '9.0.2',
39 silly resolved     author: { name: 'TJ Holowaychuk', email: 'tj@vision-media.ca' },
39 silly resolved     repository:
39 silly resolved      { type: 'git',
39 silly resolved        url: 'git+https://github.com/shouldjs/should.js.git' },
39 silly resolved     homepage: 'https://github.com/shouldjs/should.js',
39 silly resolved     scripts:
39 silly resolved      { cjs: 'rollup --format=cjs --output=cjs/should.js lib/should.js',
39 silly resolved        es6: 'rollup --format=es6 --output=es6/should.js lib/should.js',
39 silly resolved        build: 'npm run cjs && npm run es6',
39 silly resolved        prepublish: 'npm run build && npm run browser',
39 silly resolved        pretest: 'npm run build',
39 silly resolved        test: 'mocha -R mocha-better-spec-reporter --check-leaks ./test/*.test.js ./test/**/*.test.js',
39 silly resolved        zuul: 'zuul -- ./test/**/*.test.js ./test/*.test.js',
39 silly resolved        browser: 'rollup -c rollup.config.js  --output ./should.js' },
39 silly resolved     devDependencies:
39 silly resolved      { bluebird: '^3.0.6',
39 silly resolved        eslint: '^2.4.0',
39 silly resolved        mocha: 'latest',
39 silly resolved        'mocha-better-spec-reporter': 'latest',
39 silly resolved        rollup: '^0.29.0',
39 silly resolved        'rollup-plugin-node-resolve': '^1.5.0',
39 silly resolved        zuul: 'latest' },
39 silly resolved     keywords: [ 'test', 'bdd', 'assert', 'should' ],
39 silly resolved     main: './index.js',
39 silly resolved     license: 'MIT',
39 silly resolved     dependencies:
39 silly resolved      { 'should-equal': '^1.0.0',
39 silly resolved        'should-format': '^1.0.0',
39 silly resolved        'should-type': '^1.0.0' },
39 silly resolved     files:
39 silly resolved      [ 'cjs/*',
39 silly resolved        'es6/*',
39 silly resolved        'as-function.js',
39 silly resolved        'index.js',
39 silly resolved        'should.js',
39 silly resolved        'LICENSE',
39 silly resolved        '*.md' ],
39 silly resolved     gitHead: 'cd73f3f6f87abad5e11519250006d1d3b7a6934b',
39 silly resolved     bugs: { url: 'https://github.com/shouldjs/should.js/issues' },
39 silly resolved     _id: 'should@9.0.2',
39 silly resolved     _shasum: 'b550f691e71c66788e0e96e9f721d58be6920e5a',
39 silly resolved     _from: 'should@',
39 silly resolved     _npmVersion: '3.8.9',
39 silly resolved     _nodeVersion: '6.2.0',
39 silly resolved     _npmUser: { name: 'btd', email: 'bardadymchik@gmail.com' },
39 silly resolved     dist:
39 silly resolved      { shasum: 'b550f691e71c66788e0e96e9f721d58be6920e5a',
39 silly resolved        tarball: 'https://registry.npmjs.org/should/-/should-9.0.2.tgz' },
39 silly resolved     maintainers: [ [Object], [Object], [Object], [Object] ],
39 silly resolved     _npmOperationalInternal:
39 silly resolved      { host: 'packages-16-east.internal.npmjs.com',
39 silly resolved        tmp: 'tmp/should-9.0.2.tgz_1465556854706_0.5185381420888007' },
39 silly resolved     directories: {},
39 silly resolved     _resolved: 'https://registry.npmjs.org/should/-/should-9.0.2.tgz',
39 silly resolved     readme: 'ERROR: No README data found!' } ]
40 info install should@9.0.2 into /usr/local/lib
41 info installOne should@9.0.2
42 verbose lib/node_modules/should unbuild
43 info preuninstall should@9.0.2
44 info uninstall should@9.0.2
45 verbose true,/usr/local/lib/node_modules,/usr/local/lib/node_modules unbuild should@9.0.2
46 info postuninstall should@9.0.2
47 verbose lib/node_modules/should unbuild
48 info preuninstall should@9.0.2
49 info uninstall should@9.0.2
50 verbose true,/usr/local/lib/node_modules,/usr/local/lib/node_modules unbuild should@9.0.2
51 info postuninstall should@9.0.2
52 error error rolling back Error: EACCES: permission denied, unlink '/usr/local/lib/node_modules/should'
52 error error rolling back     at Error (native)
52 error error rolling back  should@9.0.2 { [Error: EACCES: permission denied, unlink '/usr/local/lib/node_modules/should']
52 error error rolling back   errno: -13,
52 error error rolling back   code: 'EACCES',
52 error error rolling back   syscall: 'unlink',
52 error error rolling back   path: '/usr/local/lib/node_modules/should' }
53 error Error: EACCES: permission denied, unlink '/usr/local/lib/node_modules/should'
53 error     at Error (native)
53 error  { [Error: EACCES: permission denied, unlink '/usr/local/lib/node_modules/should']
53 error   errno: -13,
53 error   code: 'EACCES',
53 error   syscall: 'unlink',
53 error   path: '/usr/local/lib/node_modules/should' }
54 error Please try running this command again as root/Administrator.
55 error System Linux 4.4.0-2-deepin-amd64
56 error command "/usr/bin/nodejs" "/usr/bin/npm" "install" "should" "-g"
57 error cwd /home/fmj/WebstormProjects/mochaStudy
58 error node -v v4.4.2
59 error npm -v 1.4.21
60 error path /usr/local/lib/node_modules/should
61 error syscall unlink
62 error code EACCES
63 error errno -13
64 error stack Error: EACCES: permission denied, unlink '/usr/local/lib/node_modules/should'
64 error stack     at Error (native)
65 verbose exit [ -13, true ]
